<?xml version="1.0" encoding="UTF-8" standalone="no"?>
<project xmlns="http://maven.apache.org/POM/4.0.0" xmlns:xsi="http://www.w3.org/2001/XMLSchema-instance" xsi:schemaLocation="http://maven.apache.org/POM/4.0.0 http://maven.apache.org/maven-v4_0_0.xsd">
	<modelVersion>4.0.0</modelVersion>
	<groupId>de.viadee.bibliothek1</groupId>
	<artifactId>bibliothek1</artifactId>
	<packaging>war</packaging>
	<version>0.1.0-SNAPSHOT</version>
	<name>bibliothek1</name>

	<repositories>
		<repository>
			<id>com.springsource.repository.bundles.release</id>
			<name>SpringSource Enterprise Bundle Repository - SpringSource Bundle Releases</name>
			<url>http://repository.springsource.com/maven/bundles/release</url>
		</repository>
		<repository>
			<id>com.springsource.repository.bundles.external</id>
			<name>SpringSource Enterprise Bundle Repository - External Bundle Releases</name>
			<url>http://repository.springsource.com/maven/bundles/external</url>
		</repository>
		<repository>
			<id>com.springsource.repository.bundles.milestone</id>
			<name>SpringSource Enterprise Bundle Repository - External Bundle Milestones</name>
			<url>http://repository.springsource.com/maven/bundles/milestone</url>
		</repository>

		<!--  required for some plugins that depend on snapshots :( -->
		<repository>
			<id>com.springsource.repository.bundles.snapshot</id>
			<name>SpringSource Enterprise Bundle Repository - External Bundle Snapshots</name>
			<url>http://repository.springsource.com/maven/bundles/snapshot</url>
		</repository>
		<repository>
			<id>com.springsource.repository.bundles.external.snapshots</id>
			<name>SpringSource Enterprise Bundle Repository - Third Party External Bundle Snapshots</name>
			<url>http://private.repository.springsource.com.s3.amazonaws.com/maven/bundles/external</url>
		</repository>
	</repositories>

	<pluginRepositories>
		<pluginRepository>
			<id>com.springsource.repository.bundles.release</id>
			<name>SpringSource Enterprise Bundle Repository - SpringSource Bundle Releases</name>
			<url>http://repository.springsource.com/maven/bundles/release</url>
		</pluginRepository>
		<pluginRepository>
			<id>com.springsource.repository.bundles.external</id>
			<name>SpringSource Enterprise Bundle Repository - External Bundle Releases</name>
			<url>http://repository.springsource.com/maven/bundles/external</url>
		</pluginRepository>
		<pluginRepository>
			<id>com.springsource.repository.bundles.milestone</id>
			<name>SpringSource Enterprise Bundle Repository - External Bundle Milestones</name>
			<url>http://repository.springsource.com/maven/bundles/milestone</url>
		</pluginRepository>
		<pluginRepository>
			<id>codehaus snapshot repository</id>
			<url>http://snapshots.repository.codehaus.org/</url>
			<releases>
				<enabled>true</enabled>
			</releases>
		</pluginRepository>
	</pluginRepositories>

	<dependencies>
		<dependency>
			<groupId>org.openqa.selenium.client-drivers</groupId>
			<artifactId>selenium-java-client-driver</artifactId>
			<version>0.9.2</version>
			<scope>test</scope>
		</dependency>
		<!-- General dependencies for standard applications -->
		<dependency>
			<groupId>org.junit</groupId>
			<artifactId>com.springsource.org.junit</artifactId>
			<version>4.5.0</version>
			<scope>test</scope>
		</dependency>
		<dependency>
			<groupId>org.apache.log4j</groupId>
			<artifactId>com.springsource.org.apache.log4j</artifactId>
			<version>1.2.15</version>
		</dependency>
		<dependency>
			<groupId>org.apache.commons</groupId>
			<artifactId>com.springsource.org.apache.commons.logging</artifactId>
			<version>1.1.1</version>
		</dependency>
		<dependency>
			<groupId>org.aspectj</groupId>
			<artifactId>com.springsource.org.aspectj.runtime</artifactId>
			<version>${aspectj.version}</version>
		</dependency>
		<dependency>
			<groupId>javax.servlet</groupId>
			<artifactId>com.springsource.javax.servlet</artifactId>
			<version>2.5.0</version>
			<scope>provided</scope>
		</dependency>
		<!-- ROO dependencies -->
		<dependency>
			<groupId>org.springframework.roo</groupId>
			<artifactId>org.springframework.roo.annotations</artifactId>
			<version>1.0.0.RC2</version>
			<scope>provided</scope>
		</dependency>
		<!-- Spring dependencies -->
		<dependency>
			<groupId>org.springframework</groupId>
			<artifactId>org.springframework.core</artifactId>
			<version>${spring.version}</version>
		</dependency>
		<dependency>
			<groupId>org.springframework</groupId>
			<artifactId>org.springframework.test</artifactId>
			<version>${spring.version}</version>
			<scope>test</scope>
		</dependency>
		<dependency>
			<groupId>org.springframework</groupId>
			<artifactId>org.springframework.context</artifactId>
			<version>${spring.version}</version>
		</dependency>
		<dependency>
			<groupId>org.springframework</groupId>
			<artifactId>org.springframework.aop</artifactId>
			<version>${spring.version}</version>
		</dependency>
		<dependency>
			<groupId>org.springframework</groupId>
			<artifactId>org.springframework.aspects</artifactId>
			<version>${spring.version}</version>
		</dependency>
		<dependency>
			<groupId>org.springframework</groupId>
			<artifactId>org.springframework.transaction</artifactId>
			<version>${spring.version}</version>
		</dependency>
		<dependency>
			<groupId>org.hsqldb</groupId>
			<artifactId>com.springsource.org.hsqldb</artifactId>
			<version>1.8.0.9</version>
		</dependency>
		<dependency>
			<groupId>org.hibernate</groupId>
			<artifactId>com.springsource.org.hibernate.annotations</artifactId>
			<version>3.3.1.ga</version>
		</dependency>
		<dependency>
			<groupId>org.hibernate</groupId>
			<artifactId>com.springsource.org.hibernate.ejb</artifactId>
			<version>3.3.2.GA</version>
		</dependency>
		<dependency>
			<groupId>net.sourceforge.ehcache</groupId>
			<artifactId>com.springsource.net.sf.ehcache</artifactId>
			<version>1.4.1</version>
		</dependency>
		<dependency>
			<groupId>edu.emory.mathcs.backport</groupId>
			<artifactId>com.springsource.edu.emory.mathcs.backport</artifactId>
			<version>3.1.0</version>
		</dependency>
		<dependency>
			<groupId>org.slf4j</groupId>
			<artifactId>com.springsource.slf4j.log4j</artifactId>
			<version>1.5.6</version>
		</dependency>
		<dependency>
			<groupId>javax.persistence</groupId>
			<artifactId>com.springsource.javax.persistence</artifactId>
			<version>1.0.0</version>
		</dependency>
		<dependency>
			<groupId>org.slf4j</groupId>
			<artifactId>com.springsource.slf4j.api</artifactId>
			<version>1.5.6</version>
		</dependency>
		<dependency>
			<groupId>org.hibernate</groupId>
			<artifactId>com.springsource.org.hibernate.validator</artifactId>
			<version>4.0.0.Beta2</version>
			<exclusions>
				<exclusion>
					<groupId>org.slf4j</groupId>
					<artifactId>slf4j-api</artifactId>
				</exclusion>
			</exclusions>
		</dependency>
		<dependency>
			<groupId>javax.validation</groupId>
			<artifactId>com.springsource.javax.validation</artifactId>
			<version>1.0.0.CR3</version>
		</dependency>
		<dependency>
			<groupId>javax.transaction</groupId>
			<artifactId>com.springsource.javax.transaction</artifactId>
			<version>1.1.0</version>
		</dependency>
		<dependency>
			<groupId>org.apache.commons</groupId>
			<artifactId>com.springsource.org.apache.commons.dbcp</artifactId>
			<version>1.2.2.osgi</version>
		</dependency>
		<dependency>
			<groupId>org.springframework</groupId>
			<artifactId>org.springframework.jdbc</artifactId>
			<version>${spring.version}</version>
		</dependency>
		<dependency>
			<groupId>org.springframework</groupId>
			<artifactId>org.springframework.orm</artifactId>
			<version>${spring.version}</version>
		</dependency>
		<dependency>
			<groupId>org.springframework</groupId>
			<artifactId>org.springframework.web</artifactId>
			<version>${spring.version}</version>
		</dependency>
		<dependency>
			<groupId>org.springframework</groupId>
			<artifactId>org.springframework.web.servlet</artifactId>
			<version>${spring.version}</version>
		</dependency>
		<dependency>
			<groupId>org.springframework.webflow</groupId>
			<artifactId>org.springframework.js</artifactId>
			<version>2.0.8.RELEASE</version>
		</dependency>
		<dependency>
			<groupId>org.apache.commons</groupId>
			<artifactId>com.springsource.org.apache.commons.fileupload</artifactId>
			<version>1.2.0</version>
		</dependency>
		<dependency>
			<groupId>org.tuckey</groupId>
			<artifactId>com.springsource.org.tuckey.web.filters.urlrewrite</artifactId>
			<version>3.1.0</version>
		</dependency>
		<dependency>
			<groupId>javax.servlet</groupId>
			<artifactId>com.springsource.javax.servlet.jsp.jstl</artifactId>
			<version>1.2.0</version>
		</dependency>
		<dependency>
			<groupId>org.apache.tiles</groupId>
			<artifactId>com.springsource.org.apache.tiles</artifactId>
			<version>2.1.3</version>
		</dependency>
		<dependency>
			<groupId>org.apache.tiles</groupId>
			<artifactId>com.springsource.org.apache.tiles.jsp</artifactId>
			<version>2.1.3</version>
		</dependency>
		<dependency>
			<groupId>org.apache.tiles</groupId>
			<artifactId>com.springsource.org.apache.tiles.core</artifactId>
			<version>2.1.3</version>
		</dependency>
		<dependency>
			<groupId>org.apache.el</groupId>
			<artifactId>com.springsource.org.apache.el</artifactId>
			<version>6.0.20</version>
		</dependency>
		<dependency>
			<groupId>com.viadee</groupId>
			<artifactId>acceptance-test-library</artifactId>
			<version>1.0.0-SNAPSHOT</version>
			<scope>test</scope>
		</dependency>
	</dependencies>

	<build>

		<plugins>
			<plugin>
				<groupId>org.codehaus.mojo</groupId>
				<artifactId>selenium-maven-plugin</artifactId>
				<version>1.0</version>
				<executions>
					<execution>
                        <id>start-selenium</id>
                        <phase>pre-integration-test</phase>
                        <goals>
                            <goal>start-server</goal>
                        </goals>
                        <configuration>
                            <background>true</background>
                            <logOutput>true</logOutput>
                            <multiWindow>true</multiWindow>
                        </configuration>
                    </execution>
					<execution>
                        <id>stop-selenium</id>
                        <phase>pre-integration-test</phase>
                        <goals>
                            <goal>stop-server</goal>
                        </goals>
                    </execution>
				</executions>
			</plugin>
			<plugin>
				<groupId>org.apache.maven.plugins</groupId>
				<artifactId>maven-war-plugin</artifactId>
				<version>2.0.2</version>
				<!--
					<configuration> <webXml>target/web.xml</webXml> </configuration>
				-->
			</plugin>
			<plugin>
				<groupId>org.apache.maven.plugins</groupId>
				<artifactId>maven-compiler-plugin</artifactId>
				<version>2.0.2</version>
				<configuration>
					<source>1.6</source>
					<target>1.6</target>
				</configuration>
			</plugin>
			<plugin>
				<groupId>org.codehaus.mojo</groupId>
				<artifactId>aspectj-maven-plugin</artifactId>
				<version>1.0</version>
				<dependencies>
					<!--
						NB: You must use Maven 2.0.9 or above or these are ignored (see
						MNG-2972)
					-->
					<dependency>
						<groupId>org.aspectj</groupId>
						<artifactId>com.springsource.org.aspectj.runtime</artifactId>
						<version>${aspectj.version}</version>
					</dependency>
					<dependency>
						<groupId>org.aspectj</groupId>
						<artifactId>com.springsource.org.aspectj.tools</artifactId>
						<version>${aspectj.version}</version>
					</dependency>
				</dependencies>
				<executions>
					<execution>
						<goals>
							<goal>compile</goal>
							<goal>test-compile</goal>
						</goals>
					</execution>
				</executions>
				<configuration>
					<aspectLibraries>
						<aspectLibrary>
							<groupId>org.springframework</groupId>
							<artifactId>org.springframework.aspects</artifactId>
						</aspectLibrary>
					</aspectLibraries>
					<source>1.6</source>
					<target>1.6</target>
				</configuration>
			</plugin>
			<plugin>
				<groupId>org.apache.maven.plugins</groupId>
				<artifactId>maven-help-plugin</artifactId>
				<version>2.1</version>
			</plugin>
			<plugin>
				<groupId>org.apache.maven.plugins</groupId>
				<artifactId>maven-clean-plugin</artifactId>
				<version>2.2</version>
			</plugin>
			<plugin>
				<groupId>org.apache.maven.plugins</groupId>
				<artifactId>maven-resources-plugin</artifactId>
				<version>2.2</version>
			</plugin>
			<plugin>
				<groupId>org.apache.maven.plugins</groupId>
				<artifactId>maven-surefire-plugin</artifactId>
				<version>2.4.3</version>
				<configuration>
                    <junitArtifactName>org.junit:com.springsource.org.junit</junitArtifactName>
                    <excludes>
                        <exclude>**/*_Roo_*</exclude>
                        <exclude>**/acceptancetests/*</exclude>
                    </excludes>
                </configuration>
				<executions>
					<execution>
                        <id>execute-acceptancetests</id>
                        <phase>integration-test</phase>
                        <goals>
                            <goal>test</goal>
                        </goals>
                        <configuration>
                            <excludes>
                                <exclude>none</exclude>
                            </excludes>
                            <includes>
                                <include>**/acceptancetests/*</include>
                            </includes>
                            <reportsDirectory>${project.build.directory}/acceptancetest-reports</reportsDirectory>
                        </configuration>
                    </execution>
				</executions>
			</plugin>
			<plugin>
				<groupId>org.apache.maven.plugins</groupId>
				<artifactId>maven-jar-plugin</artifactId>
				<version>2.2</version>
				<executions>
					<execution>
						<goals>
							<goal>test-jar</goal>
						</goals>
						<phase>package</phase>
					</execution>
				</executions>
			</plugin>
			<plugin>
				<groupId>org.apache.maven.plugins</groupId>
				<artifactId>maven-source-plugin</artifactId>
				<version>2.0.4</version>
				<configuration>
					<attach>true</attach>
				</configuration>
				<executions>
					<execution>
						<goals>
							<goal>jar</goal>
						</goals>
					</execution>
				</executions>
			</plugin>
			<!-- Other -->
			<plugin>
				<groupId>org.apache.maven.plugins</groupId>
				<artifactId>maven-assembly-plugin</artifactId>
				<version>2.1</version>
				<configuration>
					<descriptorRefs>
						<descriptorRef>
							jar-with-dependencies
						</descriptorRef>
					</descriptorRefs>
				</configuration>
			</plugin>
			<plugin>
				<groupId>org.apache.maven.plugins</groupId>
				<artifactId>maven-install-plugin</artifactId>
				<version>2.2</version>
			</plugin>
			<plugin>
				<groupId>org.apache.maven.plugins</groupId>
				<artifactId>maven-deploy-plugin</artifactId>
				<version>2.4</version>
			</plugin>
			<plugin>
				<groupId>org.apache.maven.plugins</groupId>
				<artifactId>maven-release-plugin</artifactId>
				<version>2.0-beta-7</version>
			</plugin>
			<!-- IDE -->
			<plugin>
				<groupId>org.apache.maven.plugins</groupId>
				<artifactId>maven-eclipse-plugin</artifactId>
				<!--
					WARNING: Do not use 2.6 or above due to
					http://jira.codehaus.org/browse/MECLIPSE-538
				-->
				<version>2.5.1</version>
				<configuration>
					<downloadSources>true</downloadSources>
					<downloadJavadocs>false</downloadJavadocs>
					<wtpversion>2.0</wtpversion>
					<additionalBuildcommands>
						<buildCommand>
							<name>org.eclipse.ajdt.core.ajbuilder</name>
							<arguments>
								<aspectPath>org.springframework.aspects</aspectPath>
							</arguments>
						</buildCommand>
						<buildCommand>
							<name>org.springframework.ide.eclipse.core.springbuilder</name>
						</buildCommand>
					</additionalBuildcommands>
					<additionalProjectnatures>
						<projectnature>org.eclipse.ajdt.ui.ajnature</projectnature>
						<projectnature>com.springsource.sts.roo.core.nature</projectnature>
						<projectnature>org.springframework.ide.eclipse.core.springnature</projectnature>
					</additionalProjectnatures>
				</configuration>
			</plugin>
			<plugin>
				<groupId>org.apache.maven.plugins</groupId>
				<artifactId>maven-idea-plugin</artifactId>
				<version>2.2</version>
				<configuration>
					<downloadSources>true</downloadSources>
					<dependenciesAsLibraries>true</dependenciesAsLibraries>
				</configuration>
			</plugin>
			<!-- Site -->
			<plugin>
				<groupId>org.apache.maven.plugins</groupId>
				<artifactId>maven-site-plugin</artifactId>
				<version>2.0-beta-7</version>
			</plugin>
			<plugin>
				<groupId>org.codehaus.mojo</groupId>
				<artifactId>tomcat-maven-plugin</artifactId>
			</plugin>
			<plugin>
				<groupId>org.mortbay.jetty</groupId>
				<artifactId>maven-jetty-plugin</artifactId>
				<version>6.1.10</version>
				<configuration>
                    <scanIntervalSeconds>10</scanIntervalSeconds>
                    <stopKey>foo</stopKey>
                    <stopPort>9999</stopPort>
                </configuration>
				<executions>
					<execution>
                        <id>start-jetty</id>
                        <phase>pre-integration-test</phase>
                        <goals>
                            <goal>run</goal>
                        </goals>
                        <configuration>
                            <scanIntervalSeconds>0</scanIntervalSeconds>
                            <daemon>true</daemon>
                        </configuration>
                    </execution>
					<execution>
                        <id>stop-jetty</id>
                        <phase>post-integration-test</phase>
                        <goals>
                            <goal>stop</goal>
                        </goals>
                    </execution>
				</executions>
			</plugin>
		</plugins>
	</build>

	<properties>
		<spring.version>3.0.0.RC1</spring.version>
		<aspectj.version>1.6.5.RELEASE</aspectj.version>
	</properties>

</project>
